
********************************************************
*   INITIALIZING SYSTEM+BATH HAMILTONIAN               *
********************************************************

--- System eigenvalues
[-111.80339887    0.            0.          111.80339887]

************************************************************************
*   PERFORMING RDM DYNAMICS WITH THE HIERARCHICAL EQUATIONS OF MOTION  *
************************************************************************
--- Hierarchy depth, L = 4
--- Maximum Matsubara frequency, K = 0
--- Using Matsubara truncation scheme: Ishizaki-Tanimura
--- Initializing auxiliary density matrix hierarchy ... done.
--- Initializing Matsubara expansion ... done.

********************************************************
*   CALCULATING LINEAR ABSORPTION SPECTRUM             *
********************************************************

********************************************************
*   CALCULATING TWO-DIMENSIONAL SPECTRUM               *
********************************************************
--- Including only selected Liouville pathways.
--- Spectrum will require O(200) propagations.
--- Calculating third-order response function ... done.
--- Performing 2D Fourier transform ... done.
